2023-08-31 18:43:49,633 INFO o.a.j.u.JMeterUtils: Setting Locale to en_EN
2023-08-31 18:43:49,683 INFO o.a.j.JMeter: Loading user properties from: user.properties
2023-08-31 18:43:49,684 INFO o.a.j.JMeter: Loading system properties from: system.properties
2023-08-31 18:43:49,700 INFO o.a.j.JMeter: Copyright (c) 1998-2023 The Apache Software Foundation
2023-08-31 18:43:49,700 INFO o.a.j.JMeter: Version 5.6.2
2023-08-31 18:43:49,700 INFO o.a.j.JMeter: java.version=11.0.19
2023-08-31 18:43:49,700 INFO o.a.j.JMeter: java.vm.name=Java HotSpot(TM) 64-Bit Server VM
2023-08-31 18:43:49,701 INFO o.a.j.JMeter: os.name=Windows 10
2023-08-31 18:43:49,701 INFO o.a.j.JMeter: os.arch=amd64
2023-08-31 18:43:49,701 INFO o.a.j.JMeter: os.version=10.0
2023-08-31 18:43:49,701 INFO o.a.j.JMeter: file.encoding=Cp1252
2023-08-31 18:43:49,702 INFO o.a.j.JMeter: java.awt.headless=null
2023-08-31 18:43:49,702 INFO o.a.j.JMeter: Max memory     =1073741824
2023-08-31 18:43:49,702 INFO o.a.j.JMeter: Available Processors =4
2023-08-31 18:43:49,722 INFO o.a.j.JMeter: Default Locale=English (EN)
2023-08-31 18:43:49,723 INFO o.a.j.JMeter: JMeter  Locale=English (EN)
2023-08-31 18:43:49,723 INFO o.a.j.JMeter: JMeterHome=D:\apache-jmeter-5.6.2
2023-08-31 18:43:49,723 INFO o.a.j.JMeter: user.dir  =D:\apache-jmeter-5.6.2\bin
2023-08-31 18:43:49,723 INFO o.a.j.JMeter: PWD       =D:\apache-jmeter-5.6.2\bin
2023-08-31 18:43:49,725 INFO o.a.j.JMeter: IP: 172.25.176.1 Name: DESKTOP-7US8DP4 FullName: DESKTOP-7US8DP4.mshome.net
2023-08-31 18:43:49,744 INFO o.a.j.JMeter: Loaded icon properties from org/apache/jmeter/images/icon.properties
2023-08-31 18:43:50,296 INFO o.a.j.JMeterGuiLauncher: Setting LAF to: laf:javax.swing.plaf.metal.MetalLookAndFeel
